-------------------------------------------------------------------------------
Test set: fr.uga.m1info.tp8.endpoints.ClientEndpointsTest$Endpoint
-------------------------------------------------------------------------------
Tests run: 3, Failures: 1, Errors: 0, Skipped: 0, Time elapsed: 0.096 s <<< FAILURE! -- in fr.uga.m1info.tp8.endpoints.ClientEndpointsTest$Endpoint
fr.uga.m1info.tp8.endpoints.ClientEndpointsTest$Endpoint.createClient -- Time elapsed: 0.071 s <<< FAILURE!
java.lang.AssertionError: 
[Le paramètre request  de la méthod createClient devrait avoir un l'annotation RequestBody] 
Expecting actual not to be null
	at fr.uga.m1info.tp8.utils.TestUtils.verifyMethodParamHaveAnnotation(TestUtils.java:122)
	at fr.uga.m1info.tp8.endpoints.ClientEndpointsTest$Endpoint.createClient(ClientEndpointsTest.java:45)
	at java.base/java.lang.reflect.Method.invoke(Method.java:580)
	at java.base/java.util.ArrayList.forEach(ArrayList.java:1596)
	at java.base/java.util.ArrayList.forEach(ArrayList.java:1596)
	at java.base/java.util.ArrayList.forEach(ArrayList.java:1596)

